Determining if the pthread_create exist failed with the following output:
Change Dir: /home/santiago/lab_ws/build/CMakeFiles/CMakeTmp

Run Build Command:"/usr/bin/make" "cmTC_c5d12/fast"
/usr/bin/make -f CMakeFiles/cmTC_c5d12.dir/build.make CMakeFiles/cmTC_c5d12.dir/build
make[1]: se entra en el directorio '/home/santiago/lab_ws/build/CMakeFiles/CMakeTmp'
Building C object CMakeFiles/cmTC_c5d12.dir/CheckSymbolExists.c.o
/usr/bin/cc    -o CMakeFiles/cmTC_c5d12.dir/CheckSymbolExists.c.o   -c /home/santiago/lab_ws/build/CMakeFiles/CMakeTmp/CheckSymbolExists.c
Linking C executable cmTC_c5d12
/usr/bin/cmake -E cmake_link_script CMakeFiles/cmTC_c5d12.dir/link.txt --verbose=1
/usr/bin/cc      -rdynamic CMakeFiles/cmTC_c5d12.dir/CheckSymbolExists.c.o  -o cmTC_c5d12 
CMakeFiles/cmTC_c5d12.dir/CheckSymbolExists.c.o: En la función `main':
CheckSymbolExists.c:(.text+0x1b): referencia a `pthread_create' sin definir
collect2: error: ld returned 1 exit status
CMakeFiles/cmTC_c5d12.dir/build.make:97: fallo en las instrucciones para el objetivo 'cmTC_c5d12'
make[1]: *** [cmTC_c5d12] Error 1
make[1]: se sale del directorio '/home/santiago/lab_ws/build/CMakeFiles/CMakeTmp'
Makefile:126: fallo en las instrucciones para el objetivo 'cmTC_c5d12/fast'
make: *** [cmTC_c5d12/fast] Error 2

File /home/santiago/lab_ws/build/CMakeFiles/CMakeTmp/CheckSymbolExists.c:
/* */
#include <pthread.h>

int main(int argc, char** argv)
{
  (void)argv;
#ifndef pthread_create
  return ((int*)(&pthread_create))[argc];
#else
  (void)argc;
  return 0;
#endif
}

Determining if the function pthread_create exists in the pthreads failed with the following output:
Change Dir: /home/santiago/lab_ws/build/CMakeFiles/CMakeTmp

Run Build Command:"/usr/bin/make" "cmTC_f386a/fast"
/usr/bin/make -f CMakeFiles/cmTC_f386a.dir/build.make CMakeFiles/cmTC_f386a.dir/build
make[1]: se entra en el directorio '/home/santiago/lab_ws/build/CMakeFiles/CMakeTmp'
Building C object CMakeFiles/cmTC_f386a.dir/CheckFunctionExists.c.o
/usr/bin/cc   -DCHECK_FUNCTION_EXISTS=pthread_create   -o CMakeFiles/cmTC_f386a.dir/CheckFunctionExists.c.o   -c /usr/share/cmake-3.10/Modules/CheckFunctionExists.c
Linking C executable cmTC_f386a
/usr/bin/cmake -E cmake_link_script CMakeFiles/cmTC_f386a.dir/link.txt --verbose=1
/usr/bin/cc  -DCHECK_FUNCTION_EXISTS=pthread_create    -rdynamic CMakeFiles/cmTC_f386a.dir/CheckFunctionExists.c.o  -o cmTC_f386a -lpthreads 
/usr/bin/ld: no se puede encontrar -lpthreads
collect2: error: ld returned 1 exit status
CMakeFiles/cmTC_f386a.dir/build.make:97: fallo en las instrucciones para el objetivo 'cmTC_f386a'
make[1]: *** [cmTC_f386a] Error 1
make[1]: se sale del directorio '/home/santiago/lab_ws/build/CMakeFiles/CMakeTmp'
Makefile:126: fallo en las instrucciones para el objetivo 'cmTC_f386a/fast'
make: *** [cmTC_f386a/fast] Error 2


